<?xml version="1.0" encoding="UTF-8"?>
<testsuites name="jest tests" tests="1" failures="0" errors="0" time="0.184">
  <testsuite name="sample unit test" errors="0" failures="0" skipped="0" timestamp="2025-10-03T04:46:37" time="0.108" tests="1">
    <testcase classname="sample unit test basic arithmetic" name="sample unit test basic arithmetic" time="0.001">
    </testcase>
  </testsuite>
</testsuites>