<?xml version="1.0" encoding="UTF-8"?>
<testsuites name="jest tests" tests="1" failures="0" errors="0" time="0.507">
  <testsuite name="sample unit test" errors="0" failures="0" skipped="0" timestamp="2025-10-02T15:10:24" time="0.346" tests="1">
    <testcase classname="sample unit test basic arithmetic" name="sample unit test basic arithmetic" time="0.003">
    </testcase>
  </testsuite>
</testsuites>